<?xml version="1.0" encoding="UTF-8"?>
<!-- Generated by org.testng.reporters.JUnitReportReporter -->
<testsuite hostname="MSI" failures="0" tests="1" name="webdriver.topic_08_Default_Radio_Checkbox" time="16.031" errors="0" timestamp="29 thg 8 2022 06:48:36 GMT" skipped="0">
  <testcase classname="webdriver.topic_08_Default_Radio_Checkbox" name="TC_04_Default" time="16.031"/>
</testsuite> <!-- webdriver.topic_08_Default_Radio_Checkbox -->
