<?xml version="1.0" encoding="UTF-8"?>
<!-- Generated by org.testng.reporters.JUnitReportReporter -->
<testsuite hostname="MSI" failures="0" tests="1" name="webdriver.topic_12_Alert" time="6.393" errors="0" timestamp="27 thg 11 2022 16:16:33 GMT" skipped="0">
  <testcase classname="webdriver.topic_12_Alert" name="TC_07_Authentication_Alert_AutoIT" time="6.393"/>
</testsuite> <!-- webdriver.topic_12_Alert -->
