<?xml version="1.0" encoding="UTF-8"?>
<!-- Generated by org.testng.reporters.JUnitReportReporter -->
<testsuite hostname="MSI" failures="0" tests="1" name="webdriver.topic_18_Javacript_Excutor" time="27.123" errors="0" timestamp="22 thg 10 2022 10:39:22 GMT" skipped="0">
  <testcase classname="webdriver.topic_18_Javacript_Excutor" name="TC_02_Rode" time="27.123"/>
</testsuite> <!-- webdriver.topic_18_Javacript_Excutor -->
