<?xml version="1.0" encoding="UTF-8"?>
<!-- Generated by org.testng.reporters.JUnitReportReporter -->
<testsuite hostname="MSI" failures="0" tests="3" name="webdriver.topic_20_ImplicitWait" time="16.990" errors="0" timestamp="22 thg 10 2022 14:21:51 GMT" skipped="0">
  <testcase classname="webdriver.topic_20_ImplicitWait" name="TC_02_Enough_Time" time="5.161"/>
  <testcase classname="webdriver.topic_20_ImplicitWait" name="TC_03_More_Time" time="5.160"/>
  <testcase classname="webdriver.topic_20_ImplicitWait" name="TC_01_Not_Enough_Time" time="6.669"/>
</testsuite> <!-- webdriver.topic_20_ImplicitWait -->
