<?xml version="1.0" encoding="UTF-8"?>
<!-- Generated by org.testng.reporters.JUnitReportReporter -->
<testsuite hostname="MSI" failures="0" tests="1" name="webdriver.topic_20_Element_Condition_Status" time="2.305" errors="0" timestamp="22 thg 9 2022 03:33:11 GMT" skipped="0">
  <testcase classname="webdriver.topic_20_Element_Condition_Status" name="TC_04_Staleness" time="2.305"/>
</testsuite> <!-- webdriver.topic_20_Element_Condition_Status -->
