<?xml version="1.0" encoding="UTF-8"?>
<!-- Generated by org.testng.reporters.JUnitReportReporter -->
<testsuite hostname="MSI" failures="0" tests="2" name="webdriver.Topic_07_Default_Dropdown" time="18.350" errors="0" timestamp="22 thg 8 2022 10:23:56 GMT" skipped="0">
  <testcase classname="webdriver.Topic_07_Default_Dropdown" name="TC_02_Default_Dropdown" time="12.402"/>
  <testcase classname="webdriver.Topic_07_Default_Dropdown" name="TC_01_Default_Dropdown" time="5.948"/>
</testsuite> <!-- webdriver.Topic_07_Default_Dropdown -->
