<?xml version="1.0" encoding="UTF-8"?>
<!-- Generated by org.testng.reporters.JUnitReportReporter -->
<testsuite hostname="MSI" failures="0" tests="5" name="TestNG.Topic_07_Loop" time="19.849" errors="0" timestamp="27 thg 11 2022 03:34:43 GMT" skipped="0">
  <testcase classname="TestNG.Topic_07_Loop" name="Rigester" time="3.258"/>
  <testcase classname="TestNG.Topic_07_Loop" name="Rigester" time="6.350"/>
  <testcase classname="TestNG.Topic_07_Loop" name="Rigester" time="3.331"/>
  <testcase classname="TestNG.Topic_07_Loop" name="Rigester" time="3.224"/>
  <testcase classname="TestNG.Topic_07_Loop" name="Rigester" time="3.686"/>
</testsuite> <!-- TestNG.Topic_07_Loop -->
