<?xml version="1.0" encoding="UTF-8"?>
<!-- Generated by org.testng.reporters.JUnitReportReporter -->
<testsuite hostname="MSI" failures="0" tests="1" name="webdriver.topic_14_Action_Part_0" time="4.404" errors="0" timestamp="27 thg 11 2022 16:28:51 GMT" skipped="0">
  <testcase classname="webdriver.topic_14_Action_Part_0" name="TC_08_Drag_And_Drop_HTML4" time="4.404"/>
</testsuite> <!-- webdriver.topic_14_Action_Part_0 -->
