<?xml version="1.0" encoding="UTF-8"?>
<!-- Generated by org.testng.reporters.JUnitReportReporter -->
<testsuite hostname="MSI" failures="0" tests="1" name="webdriver.topic_14_Action_PartII" time="12.897" errors="0" timestamp="22 thg 10 2022 08:51:04 GMT" skipped="0">
  <testcase classname="webdriver.topic_14_Action_PartII" name="TC_03_Drag_Drop_HTML5_Java_Robot_Offset" time="12.897"/>
</testsuite> <!-- webdriver.topic_14_Action_PartII -->
