<?xml version="1.0" encoding="UTF-8"?>
<!-- Generated by org.testng.reporters.JUnitReportReporter -->
<testsuite hostname="MSI" failures="0" tests="3" name="Facebook.mobileapp.Post_01" time="0.009" errors="0" timestamp="29 thg 9 2022 07:09:00 GMT" skipped="0">
  <testcase classname="Facebook.mobileapp.Post_01" name="TC_02" time="0.001"/>
  <testcase classname="Facebook.mobileapp.Post_01" name="TC_01" time="0.008"/>
  <testcase classname="Facebook.mobileapp.Post_01" name="TC_03" time="0.000"/>
</testsuite> <!-- Facebook.mobileapp.Post_01 -->
