<?xml version="1.0" encoding="UTF-8"?>
<!-- Generated by org.testng.reporters.JUnitReportReporter -->
<testsuite hostname="MSI" failures="0" tests="1" name="webdriver_hw.Topic_22" time="5.469" errors="0" timestamp="27 thg 9 2022 09:28:33 GMT" skipped="0">
  <testcase classname="webdriver_hw.Topic_22" name="TC_03_More_Time" time="5.469"/>
</testsuite> <!-- webdriver_hw.Topic_22 -->
