<?xml version="1.0" encoding="UTF-8"?>
<!-- Generated by org.testng.reporters.JUnitReportReporter -->
<testsuite hostname="MSI" failures="0" tests="2" name="webdriver.Topic_04_Run_On_Browser" time="7.547" errors="0" timestamp="09 thg 8 2022 16:59:13 GMT" skipped="0">
  <testcase classname="webdriver.Topic_04_Run_On_Browser" name="TC_01_Firefox" time="4.796"/>
  <testcase classname="webdriver.Topic_04_Run_On_Browser" name="TC_02_chrome" time="2.751"/>
</testsuite> <!-- webdriver.Topic_04_Run_On_Browser -->
