<?xml version="1.0" encoding="UTF-8"?>
<!-- Generated by org.testng.reporters.JUnitReportReporter -->
<testsuite hostname="MSI" failures="0" tests="1" name="webdriver_hw.Topic_23" time="10.730" errors="0" timestamp="27 thg 9 2022 09:34:39 GMT" skipped="0">
  <testcase classname="webdriver_hw.Topic_23" name="TC_03_More_Time" time="10.730"/>
</testsuite> <!-- webdriver_hw.Topic_23 -->
