<?xml version="1.0" encoding="UTF-8"?>
<!-- Generated by org.testng.reporters.JUnitReportReporter -->
<testsuite hostname="MSI" failures="0" tests="2" name="webdriver.topic_14_Action_Part_0" time="21.037" errors="0" timestamp="08 thg 9 2022 16:27:23 GMT" skipped="0">
  <testcase classname="webdriver.topic_14_Action_Part_0" name="TC_06_Double_Click" time="7.061"/>
  <testcase classname="webdriver.topic_14_Action_Part_0" name="TC_07_Right_Click" time="13.976"/>
</testsuite> <!-- webdriver.topic_14_Action_Part_0 -->
