<?xml version="1.0" encoding="UTF-8"?>
<!-- Generated by org.testng.reporters.JUnitReportReporter -->
<testsuite hostname="MSI" failures="0" tests="1" name="webdriver.topic_20_Element_Condition_Status" time="1.324" errors="0" timestamp="27 thg 11 2022 16:58:02 GMT" skipped="0">
  <testcase classname="webdriver.topic_20_Element_Condition_Status" name="TC_01_Visible_Displayed_Visibility" time="1.324"/>
</testsuite> <!-- webdriver.topic_20_Element_Condition_Status -->
