<?xml version="1.0" encoding="UTF-8"?>
<!-- Generated by org.testng.reporters.JUnitReportReporter -->
<testsuite hostname="MSI" failures="0" tests="4" name="tiki.admin.Shopper_02_Manage_Cart" time="0.006" errors="0" timestamp="28 thg 9 2022 10:01:49 GMT" skipped="0">
  <testcase classname="tiki.admin.Shopper_02_Manage_Cart" name="Product_02_View_Visa" time="0.001"/>
  <testcase classname="tiki.admin.Shopper_02_Manage_Cart" name="Product_03_Update_Visa" time="0.001"/>
  <testcase classname="tiki.admin.Shopper_02_Manage_Cart" name="Product_01_Create_Visa" time="0.003"/>
  <testcase classname="tiki.admin.Shopper_02_Manage_Cart" name="Product_04_Delete_Visa" time="0.001"/>
</testsuite> <!-- tiki.admin.Shopper_02_Manage_Cart -->
