<?xml version="1.0" encoding="UTF-8"?>
<!-- Generated by org.testng.reporters.JUnitReportReporter -->
<testsuite hostname="MSI" failures="0" tests="3" name="Facebook.webapp.Lofin_01" time="0.003" errors="0" timestamp="29 thg 9 2022 07:09:00 GMT" skipped="0">
  <testcase classname="Facebook.webapp.Lofin_01" name="TC_03" time="0.001"/>
  <testcase classname="Facebook.webapp.Lofin_01" name="TC_01" time="0.001"/>
  <testcase classname="Facebook.webapp.Lofin_01" name="TC_02" time="0.001"/>
</testsuite> <!-- Facebook.webapp.Lofin_01 -->
