<?xml version="1.0" encoding="UTF-8"?>
<!-- Generated by org.testng.reporters.JUnitReportReporter -->
<testsuite hostname="MSI" failures="0" tests="4" name="webdriver.Topic_06_Web_Browser_Element_PII" time="14.724" errors="0" timestamp="27 thg 11 2022 04:14:09 GMT" skipped="0">
  <testcase classname="webdriver.Topic_06_Web_Browser_Element_PII" name="TC_01_Current_Url" time="5.277"/>
  <testcase classname="webdriver.Topic_06_Web_Browser_Element_PII" name="TC_04_Page_Source" time="2.886"/>
  <testcase classname="webdriver.Topic_06_Web_Browser_Element_PII" name="TC_02_Page_Title" time="2.468"/>
  <testcase classname="webdriver.Topic_06_Web_Browser_Element_PII" name="TC_03_Navigation" time="4.093"/>
</testsuite> <!-- webdriver.Topic_06_Web_Browser_Element_PII -->
