<?xml version="1.0" encoding="UTF-8"?>
<!-- Generated by org.testng.reporters.JUnitReportReporter -->
<testsuite hostname="MSI" failures="0" tests="1" name="webdriver.topic_26_FluentWait" time="12.358" errors="0" timestamp="30 thg 11 2022 17:18:04 GMT" skipped="0">
  <testcase classname="webdriver.topic_26_FluentWait" name="TC_02_Fluent" time="12.358"/>
</testsuite> <!-- webdriver.topic_26_FluentWait -->
