<?xml version="1.0" encoding="UTF-8"?>
<!-- Generated by org.testng.reporters.JUnitReportReporter -->
<testsuite hostname="MSI" failures="0" tests="1" name="TestNG.Topic_09_Listener" time="5.108" errors="0" timestamp="27 thg 11 2022 03:24:41 GMT" skipped="0">
  <testcase classname="TestNG.Topic_09_Listener" name="Rigester" time="5.108"/>
</testsuite> <!-- TestNG.Topic_09_Listener -->
