<?xml version="1.0" encoding="UTF-8"?>
<!-- Generated by org.testng.reporters.JUnitReportReporter -->
<testsuite hostname="MSI" failures="0" tests="1" name="webdriver.Topic_07_Default_Dropdown" time="6.050" errors="0" timestamp="27 thg 11 2022 04:16:27 GMT" skipped="0">
  <testcase classname="webdriver.Topic_07_Default_Dropdown" name="TC_01_Default_Dropdown" time="6.050"/>
</testsuite> <!-- webdriver.Topic_07_Default_Dropdown -->
