<?xml version="1.0" encoding="UTF-8"?>
<!-- Generated by org.testng.reporters.JUnitReportReporter -->
<testsuite hostname="MSI" failures="0" tests="1" name="webdriver.topic_08_Default_Radio_Checkbox" time="15.250" errors="0" timestamp="27 thg 11 2022 15:44:45 GMT" skipped="0">
  <testcase classname="webdriver.topic_08_Default_Radio_Checkbox" name="TC_04_Default" time="15.250"/>
</testsuite> <!-- webdriver.topic_08_Default_Radio_Checkbox -->
