<?xml version="1.0" encoding="UTF-8"?>
<!-- Generated by org.testng.reporters.JUnitReportReporter -->
<testsuite hostname="MSI" failures="0" tests="3" name="webdriver.Topic_01_Setup_Enviroment" time="0.108" errors="0" timestamp="30 thg 7 2022 03:45:08 GMT" skipped="0">
  <testcase classname="webdriver.Topic_01_Setup_Enviroment" name="TC_02_ValidatePageTitle" time="0.016"/>
  <testcase classname="webdriver.Topic_01_Setup_Enviroment" name="TC_03_LoginFormDisplayed" time="0.077"/>
  <testcase classname="webdriver.Topic_01_Setup_Enviroment" name="TC_01_ValidateCurrentUrl" time="0.015"/>
</testsuite> <!-- webdriver.Topic_01_Setup_Enviroment -->
