<?xml version="1.0" encoding="UTF-8"?>
<!-- Generated by org.testng.reporters.JUnitReportReporter -->
<testsuite hostname="MSI" failures="0" tests="4" name="TestNG.Shopper_03_Priority" time="0.007" errors="0" timestamp="29 thg 9 2022 07:22:02 GMT" skipped="1">
  <testcase classname="TestNG.Shopper_03_Priority" name="EndUser_01_Register_Employee" time="0.006"/>
  <testcase classname="TestNG.Shopper_03_Priority" name="EndUser_02_View_Employee" time="0.001"/>
  <testcase classname="TestNG.Shopper_03_Priority" name="EndUser_03_Edit_Employee" time="0.000"/>
  <testcase classname="TestNG.Shopper_03_Priority" name="EndUser_04_Move_Employee">
    <skipped/>
  </testcase> <!-- EndUser_04_Move_Employee -->
</testsuite> <!-- TestNG.Shopper_03_Priority -->
