<?xml version="1.0" encoding="UTF-8"?>
<!-- Generated by org.testng.reporters.JUnitReportReporter -->
<testsuite hostname="MSI" failures="0" tests="1" name="webdriver_hw.Topic_26" time="12.582" errors="0" timestamp="27 thg 9 2022 15:23:56 GMT" skipped="0">
  <testcase classname="webdriver_hw.Topic_26" name="TC_02_Fluent" time="12.582"/>
</testsuite> <!-- webdriver_hw.Topic_26 -->
