<?xml version="1.0" encoding="UTF-8"?>
<!-- Generated by org.testng.reporters.JUnitReportReporter -->
<testsuite hostname="MSI" failures="0" tests="1" name="webdriver.topic_20_StaticWait" time="6.018" errors="0" timestamp="27 thg 11 2022 17:03:43 GMT" skipped="0">
  <testcase classname="webdriver.topic_20_StaticWait" name="TC_01_Not_Enough_Time" time="6.018"/>
</testsuite> <!-- webdriver.topic_20_StaticWait -->
