<?xml version="1.0" encoding="UTF-8"?>
<!-- Generated by org.testng.reporters.JUnitReportReporter -->
<testsuite hostname="MSI" failures="0" tests="2" name="TestNG.Tocpic_01_Annotations" time="0.007" errors="0" timestamp="28 thg 9 2022 07:55:24 GMT" skipped="0">
  <testcase classname="TestNG.Tocpic_01_Annotations" name="TC_02" time="0.001"/>
  <testcase classname="TestNG.Tocpic_01_Annotations" name="TC_01" time="0.006"/>
</testsuite> <!-- TestNG.Tocpic_01_Annotations -->
