<?xml version="1.0" encoding="UTF-8"?>
<!-- Generated by org.testng.reporters.JUnitReportReporter -->
<testsuite hostname="MSI" failures="0" tests="1" name="TestNG.Topic_05_Parameter_Bowser" time="5.046" errors="0" timestamp="27 thg 11 2022 03:28:39 GMT" skipped="0">
  <testcase classname="TestNG.Topic_05_Parameter_Bowser" name="TC_01_LoginToSystem" time="5.046"/>
</testsuite> <!-- TestNG.Topic_05_Parameter_Bowser -->
