<?xml version="1.0" encoding="UTF-8"?>
<!-- Generated by org.testng.reporters.JUnitReportReporter -->
<testsuite hostname="MSI" failures="0" tests="2" name="webdriver_hw.Topic_20" time="3.560" errors="0" timestamp="27 thg 9 2022 08:08:04 GMT" skipped="0">
  <testcase classname="webdriver_hw.Topic_20" name="TC_06_Staleness" time="1.552"/>
  <testcase classname="webdriver_hw.Topic_20" name="TC_05_Presence_II" time="2.008"/>
</testsuite> <!-- webdriver_hw.Topic_20 -->
