<?xml version="1.0" encoding="UTF-8"?>
<!-- Generated by org.testng.reporters.JUnitReportReporter -->
<testsuite hostname="MSI" failures="0" tests="1" name="webdriver.topic_12_Alert" time="6.630" errors="0" timestamp="07 thg 9 2022 02:38:43 GMT" skipped="0">
  <testcase classname="webdriver.topic_12_Alert" name="TC_07_Authentication_Alert_AutoIT" time="6.630"/>
</testsuite> <!-- webdriver.topic_12_Alert -->
