<?xml version="1.0" encoding="UTF-8"?>
<!-- Generated by org.testng.reporters.JUnitReportReporter -->
<testsuite hostname="MSI" failures="0" tests="1" name="webdriver.topic_19_Upload_Sendkey" time="16.710" errors="0" timestamp="22 thg 10 2022 13:45:55 GMT" skipped="0">
  <testcase classname="webdriver.topic_19_Upload_Sendkey" name="TC_05_Upload_One_File_Time_Java_Robot" time="16.710"/>
</testsuite> <!-- webdriver.topic_19_Upload_Sendkey -->
