<?xml version="1.0" encoding="UTF-8"?>
<!-- Generated by org.testng.reporters.JUnitReportReporter -->
<testsuite hostname="MSI" failures="0" tests="1" name="webdriver.topic_14_Action_PartII" time="6.586" errors="0" timestamp="09 thg 9 2022 08:38:43 GMT" skipped="0">
  <testcase classname="webdriver.topic_14_Action_PartII" name="TC_02_Drag_Drop_HTML5" time="6.586"/>
</testsuite> <!-- webdriver.topic_14_Action_PartII -->
