<?xml version="1.0" encoding="UTF-8"?>
<!-- Generated by org.testng.reporters.JUnitReportReporter -->
<testsuite hostname="MSI" failures="0" tests="3" name="TestNG.Topic_04_DataProvider" time="13.613" errors="0" timestamp="29 thg 9 2022 07:28:25 GMT" skipped="0">
  <testcase classname="TestNG.Topic_04_DataProvider" name="TC_01_LoginToSystem" time="3.401"/>
  <testcase classname="TestNG.Topic_04_DataProvider" name="TC_01_LoginToSystem" time="6.893"/>
  <testcase classname="TestNG.Topic_04_DataProvider" name="TC_01_LoginToSystem" time="3.319"/>
</testsuite> <!-- TestNG.Topic_04_DataProvider -->
