<?xml version="1.0" encoding="UTF-8"?>
<!-- Generated by org.testng.reporters.JUnitReportReporter -->
<testsuite hostname="MSI" failures="0" tests="1" name="webdriver.topic_16_Frame_Iframe" time="9.025" errors="0" timestamp="27 thg 11 2022 16:40:25 GMT" skipped="0">
  <testcase classname="webdriver.topic_16_Frame_Iframe" name="TC_02_" time="9.025"/>
</testsuite> <!-- webdriver.topic_16_Frame_Iframe -->
