<?xml version="1.0" encoding="UTF-8"?>
<!-- Generated by org.testng.reporters.JUnitReportReporter -->
<testsuite hostname="MSI" failures="0" tests="2" name="webdriver.topic_09_Button" time="7.467" errors="0" timestamp="26 thg 8 2022 13:05:42 GMT" skipped="0">
  <testcase classname="webdriver.topic_09_Button" name="TC_01_Fahasa" time="2.456"/>
  <testcase classname="webdriver.topic_09_Button" name="TC_02_" time="5.011"/>
</testsuite> <!-- webdriver.topic_09_Button -->
