<?xml version="1.0" encoding="UTF-8"?>
<!-- Generated by org.testng.reporters.JUnitReportReporter -->
<testsuite hostname="MSI" failures="0" tests="1" name="webdriver.topic_15_Fired_Popup" time="38.482" errors="0" timestamp="12 thg 9 2022 08:10:53 GMT" skipped="0">
  <testcase classname="webdriver.topic_15_Fired_Popup" name="TC_03_Fixed_Not_In_Dom_Tiki" time="38.482"/>
</testsuite> <!-- webdriver.topic_15_Fired_Popup -->
