<?xml version="1.0" encoding="UTF-8"?>
<!-- Generated by org.testng.reporters.JUnitReportReporter -->
<testsuite hostname="MSI" failures="0" tests="1" name="webdriver_hw.Topic_19" time="14.141" errors="0" timestamp="21 thg 9 2022 15:59:15 GMT" skipped="0">
  <testcase classname="webdriver_hw.Topic_19" name="TC_02_" time="14.141"/>
</testsuite> <!-- webdriver_hw.Topic_19 -->
