<?xml version="1.0" encoding="UTF-8"?>
<!-- Generated by org.testng.reporters.JUnitReportReporter -->
<testsuite hostname="MSI" failures="0" tests="1" name="webdriver.topic_07_Custom_Dropdown" time="15.353" errors="0" timestamp="27 thg 11 2022 04:52:03 GMT" skipped="0">
  <testcase classname="webdriver.topic_07_Custom_Dropdown" name="TC_06_React_SelectEdisable" time="15.353"/>
</testsuite> <!-- webdriver.topic_07_Custom_Dropdown -->
