<?xml version="1.0" encoding="UTF-8"?>
<!-- Generated by org.testng.reporters.JUnitReportReporter -->
<testsuite hostname="MSI" failures="0" tests="1" name="webdriver.topic_15_Fired_Popup" time="25.483" errors="0" timestamp="22 thg 10 2022 09:25:49 GMT" skipped="0">
  <testcase classname="webdriver.topic_15_Fired_Popup" name="TC_05_Radom_Not_In_Dom" time="25.483"/>
</testsuite> <!-- webdriver.topic_15_Fired_Popup -->
