<?xml version="1.0" encoding="UTF-8"?>
<!-- Generated by org.testng.reporters.JUnitReportReporter -->
<testsuite hostname="MSI" failures="0" tests="4" name="tiki.user.User_01_Checkout" time="0.001" errors="0" timestamp="28 thg 9 2022 09:17:48 GMT" skipped="0">
  <testcase classname="tiki.user.User_01_Checkout" name="Ckeckout_02_View_Cart" time="0.000"/>
  <testcase classname="tiki.user.User_01_Checkout" name="Ckeckout_01_Add_Product_To_Cart" time="0.000"/>
  <testcase classname="tiki.user.User_01_Checkout" name="Ckeckout_04_Add_Payment_Infor" time="0.000"/>
  <testcase classname="tiki.user.User_01_Checkout" name="Ckeckout_03_Add_Shopping_Address" time="0.001"/>
</testsuite> <!-- tiki.user.User_01_Checkout -->
