<?xml version="1.0" encoding="UTF-8"?>
<!-- Generated by org.testng.reporters.JUnitReportReporter -->
<testsuite hostname="MSI" failures="0" tests="1" name="webdriver.topic_17_Windows_tab" time="22.249" errors="0" timestamp="18 thg 9 2022 09:56:24 GMT" skipped="0">
  <testcase classname="webdriver.topic_17_Windows_tab" name="TC_04_Cambridge" time="22.249"/>
</testsuite> <!-- webdriver.topic_17_Windows_tab -->
