<?xml version="1.0" encoding="UTF-8"?>
<!-- Generated by org.testng.reporters.JUnitReportReporter -->
<testsuite hostname="MSI" failures="0" tests="1" name="webdriver_hw.Topic_25" time="6.444" errors="0" timestamp="27 thg 9 2022 14:27:56 GMT" skipped="0">
  <testcase classname="webdriver_hw.Topic_25" name="TC_04_Element_Not_Found_Explicit_By" time="6.444"/>
</testsuite> <!-- webdriver_hw.Topic_25 -->
