<?xml version="1.0" encoding="UTF-8"?>
<!-- Generated by org.testng.reporters.JUnitReportReporter -->
<testsuite hostname="MSI" failures="0" tests="4" name="tiki.admin.Shopper_01_Manage_Product" time="0.008" errors="0" timestamp="28 thg 9 2022 09:50:33 GMT" skipped="0">
  <testcase classname="tiki.admin.Shopper_01_Manage_Product" name="Product_03_Update_Product" time="0.000"/>
  <testcase classname="tiki.admin.Shopper_01_Manage_Product" name="Product_01_Create_Product" time="0.007"/>
  <testcase classname="tiki.admin.Shopper_01_Manage_Product" name="Product_02_View_Product" time="0.001"/>
  <testcase classname="tiki.admin.Shopper_01_Manage_Product" name="Product_04_Delete_Product" time="0.000"/>
</testsuite> <!-- tiki.admin.Shopper_01_Manage_Product -->
