<?xml version="1.0" encoding="UTF-8"?>
<!-- Generated by org.testng.reporters.JUnitReportReporter -->
<testsuite hostname="MSI" failures="0" tests="4" name="tiki.user.User_02_Order" time="0.004" errors="0" timestamp="28 thg 9 2022 09:17:48 GMT" skipped="0">
  <testcase classname="tiki.user.User_02_Order" name="Order_03_Edit_Shipping_Address" time="0.001"/>
  <testcase classname="tiki.user.User_02_Order" name="Order_04_Edit_Payment_Infor" time="0.001"/>
  <testcase classname="tiki.user.User_02_Order" name="Order_02_Edit_Order" time="0.001"/>
  <testcase classname="tiki.user.User_02_Order" name="Order_01_View_Order" time="0.001"/>
</testsuite> <!-- tiki.user.User_02_Order -->
