<?xml version="1.0" encoding="UTF-8"?>
<!-- Generated by org.testng.reporters.JUnitReportReporter -->
<testsuite hostname="MSI" failures="0" tests="1" name="webdriver.topic_16_Frame_Iframe" time="11.663" errors="0" timestamp="13 thg 9 2022 03:38:18 GMT" skipped="0">
  <testcase classname="webdriver.topic_16_Frame_Iframe" name="TC_02_" time="11.663"/>
</testsuite> <!-- webdriver.topic_16_Frame_Iframe -->
