<?xml version="1.0" encoding="UTF-8"?>
<!-- Generated by org.testng.reporters.JUnitReportReporter -->
<testsuite hostname="MSI" failures="0" tests="1" name="webdriver_hw.Topic_21" time="19.072" errors="0" timestamp="27 thg 9 2022 08:44:44 GMT" skipped="0">
  <testcase classname="webdriver_hw.Topic_21" name="TC_02_FindElements" time="19.072"/>
</testsuite> <!-- webdriver_hw.Topic_21 -->
