<?xml version="1.0" encoding="UTF-8"?>
<!-- Generated by org.testng.reporters.JUnitReportReporter -->
<testsuite hostname="MSI" failures="0" tests="1" name="TestNG.Topic_06_Parameter_Enviroment" time="4.992" errors="0" timestamp="27 thg 11 2022 03:33:05 GMT" skipped="0">
  <testcase classname="TestNG.Topic_06_Parameter_Enviroment" name="TC_01_LoginToSystem" time="4.992"/>
</testsuite> <!-- TestNG.Topic_06_Parameter_Enviroment -->
