<?xml version="1.0" encoding="UTF-8"?>
<!-- Generated by org.testng.reporters.JUnitReportReporter -->
<testsuite hostname="MSI" failures="0" tests="4" name="webdriver.Topic_06_Web_Browser_Element_PII" time="14.641" errors="0" timestamp="15 thg 8 2022 13:14:18 GMT" skipped="0">
  <testcase classname="webdriver.Topic_06_Web_Browser_Element_PII" name="TC_04_Page_Source" time="2.444"/>
  <testcase classname="webdriver.Topic_06_Web_Browser_Element_PII" name="TC_03_Navigation" time="3.600"/>
  <testcase classname="webdriver.Topic_06_Web_Browser_Element_PII" name="TC_01_Current_Url" time="6.098"/>
  <testcase classname="webdriver.Topic_06_Web_Browser_Element_PII" name="TC_02_Page_Title" time="2.499"/>
</testsuite> <!-- webdriver.Topic_06_Web_Browser_Element_PII -->
