<?xml version="1.0" encoding="UTF-8"?>
<!-- Generated by org.testng.reporters.JUnitReportReporter -->
<testsuite hostname="MSI" failures="0" tests="1" name="webdriver.topic_09_Button" time="2.382" errors="0" timestamp="27 thg 11 2022 15:46:05 GMT" skipped="0">
  <testcase classname="webdriver.topic_09_Button" name="TC_01_Fahasa" time="2.382"/>
</testsuite> <!-- webdriver.topic_09_Button -->
