<?xml version="1.0" encoding="UTF-8"?>
<!-- Generated by org.testng.reporters.JUnitReportReporter -->
<testsuite hostname="MSI" failures="0" tests="1" name="webdriver.topic_11_Custom_Radio_Checkbox" time="12.181" errors="0" timestamp="27 thg 11 2022 15:59:12 GMT" skipped="0">
  <testcase classname="webdriver.topic_11_Custom_Radio_Checkbox" name="TC_04_Google" time="12.181"/>
</testsuite> <!-- webdriver.topic_11_Custom_Radio_Checkbox -->
