<?xml version="1.0" encoding="UTF-8"?>
<!-- Generated by org.testng.reporters.JUnitReportReporter -->
<testsuite hostname="MSI" failures="0" tests="1" name="webdriver.topic_07_Custom_Dropdown" time="16.131" errors="0" timestamp="25 thg 8 2022 17:04:49 GMT" skipped="0">
  <testcase classname="webdriver.topic_07_Custom_Dropdown" name="TC_06_React_SelectEdisable" time="16.131"/>
</testsuite> <!-- webdriver.topic_07_Custom_Dropdown -->
