<?xml version="1.0" encoding="UTF-8"?>
<!-- Generated by org.testng.reporters.JUnitReportReporter -->
<testsuite hostname="MSI" failures="0" tests="1" name="webdriver.topic_25_Mix_Implicit_Explicit" time="8.128" errors="0" timestamp="22 thg 10 2022 14:54:07 GMT" skipped="0">
  <testcase classname="webdriver.topic_25_Mix_Implicit_Explicit" name="TC_05_Element_Not_Found_Explicit_Element" time="8.128"/>
</testsuite> <!-- webdriver.topic_25_Mix_Implicit_Explicit -->
